<?xml version="1.0" encoding="UTF-8"?>
<testsuite name="com.bridgelabz.test.Linkedin_DB_Testing" tests="1" skipped="0" failures="0" errors="0" timestamp="2021-07-23T11:47:59" hostname="DESKTOP-KFGQFK8" time="139.027">
  <properties/>
  <testcase name="login_to_application_using_DB_data" classname="com.bridgelabz.test.Linkedin_DB_Testing" time="139.027"/>
  <system-out><![CDATA[]]></system-out>
  <system-err><![CDATA[SLF4J: Failed to load class "org.slf4j.impl.StaticLoggerBinder".
SLF4J: Defaulting to no-operation (NOP) logger implementation
SLF4J: See http://www.slf4j.org/codes.html#StaticLoggerBinder for further details.
Starting ChromeDriver 91.0.4472.101 (af52a90bf87030dd1523486a1cd3ae25c5d76c9b-refs/branch-heads/4472@{#1462}) on port 33389
Only local connections are allowed.
Please see https://chromedriver.chromium.org/security-considerations for suggestions on keeping ChromeDriver safe.
ChromeDriver was started successfully.
Jul 23, 2021 5:18:48 PM org.openqa.selenium.remote.ProtocolHandshake createSession
INFO: Detected dialect: W3C
]]></system-err>
</testsuite>
